[30.11.2016 08:42:37,180] [main] INFO  org.jgap.gp.impl.GPGenotype  - Evolving generation 200, memory free: 121.7 MB
[30.11.2016 08:42:37,315] [main] INFO  org.jgap.gp.impl.GPGenotype  - Best solution fitness: 2319.0
[30.11.2016 08:42:37,316] [main] INFO  org.jgap.gp.impl.GPGenotype  - Best solution: (PDR_AFP * (N_effort / NPDR_AFP)) + ((N_effort / NPDR_AFP) / ((N_effort / NPDR_AFP) + (Input / AFP)))
[30.11.2016 08:42:37,316] [main] INFO  org.jgap.gp.impl.GPGenotype  - Depth of chrom: 4
[30.11.2016 08:42:37,778] [main] INFO  org.jgap.gp.impl.GPGenotype  - Best solution fitness: 2318.0
[30.11.2016 08:42:37,778] [main] INFO  org.jgap.gp.impl.GPGenotype  - Best solution: (PDR_AFP * (N_effort / NPDR_AFP)) + (Input / ((PDR_AFP * (N_effort / NPDR_AFP)) / NPDR_AFP))
[30.11.2016 08:42:37,780] [main] INFO  org.jgap.gp.impl.GPGenotype  - Depth of chrom: 5
[30.11.2016 08:42:38,558] [main] INFO  org.jgap.gp.impl.GPGenotype  - Best solution fitness: 2316.0
[30.11.2016 08:42:38,558] [main] INFO  org.jgap.gp.impl.GPGenotype  - Best solution: ((PDR_AFP * (N_effort / NPDR_AFP)) + (Input / (N_effort / NPDR_AFP))) + ((PDR_UFP + File) / (N_effort / NPDR_AFP))
[30.11.2016 08:42:38,559] [main] INFO  org.jgap.gp.impl.GPGenotype  - Depth of chrom: 4
[30.11.2016 08:42:38,754] [main] INFO  org.jgap.gp.impl.GPGenotype  - Best solution fitness: 2307.0
[30.11.2016 08:42:38,755] [main] INFO  org.jgap.gp.impl.GPGenotype  - Best solution: (PDR_AFP * (N_effort / NPDR_AFP)) + ((PDR_AFP * (PDR_AFP / PDR_UFP)) / (PDR_AFP * ((PDR_UFP + PDR_AFP) / NPDR_AFP)))
[30.11.2016 08:42:38,755] [main] INFO  org.jgap.gp.impl.GPGenotype  - Depth of chrom: 5
[30.11.2016 08:42:38,822] [main] INFO  org.jgap.gp.impl.GPGenotype  - Evolving generation 225, memory free: 129.3 MB
[30.11.2016 08:42:39,268] [main] INFO  org.jgap.gp.impl.GPGenotype  - Best solution fitness: 2300.0
[30.11.2016 08:42:39,268] [main] INFO  org.jgap.gp.impl.GPGenotype  - Best solution: (PDR_AFP * (N_effort / NPDR_AFP)) + ((N_effort / (PDR_UFP + PDR_AFP)) / ((PDR_AFP * (N_effort / NPDR_AFP)) / NPDR_AFP))
[30.11.2016 08:42:39,269] [main] INFO  org.jgap.gp.impl.GPGenotype  - Depth of chrom: 5
[30.11.2016 08:42:40,459] [main] INFO  org.jgap.gp.impl.GPGenotype  - Evolving generation 250, memory free: 137.3 MB
[30.11.2016 08:42:42,102] [main] INFO  org.jgap.gp.impl.GPGenotype  - Evolving generation 275, memory free: 118.7 MB
[30.11.2016 08:42:43,817] [main] INFO  org.jgap.gp.impl.GPGenotype  - Evolving generation 300, memory free: 127.0 MB
[30.11.2016 08:42:45,528] [main] INFO  org.jgap.gp.impl.GPGenotype  - Evolving generation 325, memory free: 107.8 MB
[30.11.2016 08:42:47,253] [main] INFO  org.jgap.gp.impl.GPGenotype  - Evolving generation 350, memory free: 113.9 MB
[30.11.2016 08:42:48,971] [main] INFO  org.jgap.gp.impl.GPGenotype  - Evolving generation 375, memory free: 122.1 MB
[30.11.2016 08:42:50,673] [main] INFO  org.jgap.gp.impl.GPGenotype  - Evolving generation 400, memory free: 129.0 MB
[30.11.2016 08:42:52,417] [main] INFO  org.jgap.gp.impl.GPGenotype  - Evolving generation 425, memory free: 110.0 MB
[30.11.2016 08:42:53,188] [main] INFO  org.jgap.gp.impl.GPGenotype  - Best solution fitness: 2299.0
[30.11.2016 08:42:53,189] [main] INFO  org.jgap.gp.impl.GPGenotype  - Best solution: ((PDR_AFP * (N_effort / NPDR_AFP)) + (NPDR_AFP / (PDR_UFP + PDR_AFP))) + (NPDR_AFP / ((N_effort / NPDR_AFP) + NPDR_AFP))
[30.11.2016 08:42:53,189] [main] INFO  org.jgap.gp.impl.GPGenotype  - Depth of chrom: 4
[30.11.2016 08:42:53,403] [main] INFO  org.jgap.gp.impl.GPGenotype  - Best solution fitness: 2296.0
[30.11.2016 08:42:53,404] [main] INFO  org.jgap.gp.impl.GPGenotype  - Best solution: ((PDR_AFP * (N_effort / NPDR_AFP)) + (NPDR_AFP / (PDR_UFP + PDR_AFP))) + (NPDR_AFP / ((N_effort / NPDR_AFP) + PDR_AFP))
[30.11.2016 08:42:53,404] [main] INFO  org.jgap.gp.impl.GPGenotype  - Depth of chrom: 4
[30.11.2016 08:42:54,215] [main] INFO  org.jgap.gp.impl.GPGenotype  - Evolving generation 450, memory free: 113.4 MB
[30.11.2016 08:42:55,954] [main] INFO  org.jgap.gp.impl.GPGenotype  - Evolving generation 475, memory free: 120.1 MB
[30.11.2016 08:42:57,670] [main] INFO  org.jgap.gp.impl.GPGenotype  - Evolving generation 500, memory free: 103.0 MB
[30.11.2016 08:42:59,400] [main] INFO  org.jgap.gp.impl.GPGenotype  - Evolving generation 525, memory free: 109.6 MB
[30.11.2016 08:43:01,119] [main] INFO  org.jgap.gp.impl.GPGenotype  - Evolving generation 550, memory free: 116.2 MB
[30.11.2016 08:43:02,823] [main] INFO  org.jgap.gp.impl.GPGenotype  - Evolving generation 575, memory free: 95.9 MB
[30.11.2016 08:43:04,543] [main] INFO  org.jgap.gp.impl.GPGenotype  - Evolving generation 600, memory free: 102.9 MB
[30.11.2016 08:43:06,246] [main] INFO  org.jgap.gp.impl.GPGenotype  - Evolving generation 625, memory free: 108.5 MB
[30.11.2016 08:43:07,947] [main] INFO  org.jgap.gp.impl.GPGenotype  - Evolving generation 650, memory free: 89.2 MB
[30.11.2016 08:43:09,631] [main] INFO  org.jgap.gp.impl.GPGenotype  - Evolving generation 675, memory free: 95.7 MB
[30.11.2016 08:43:11,340] [main] INFO  org.jgap.gp.impl.GPGenotype  - Evolving generation 700, memory free: 102.5 MB
[30.11.2016 08:43:13,068] [main] INFO  org.jgap.gp.impl.GPGenotype  - Evolving generation 725, memory free: 82.2 MB
[30.11.2016 08:43:14,829] [main] INFO  org.jgap.gp.impl.GPGenotype  - Evolving generation 750, memory free: 87.3 MB
[30.11.2016 08:43:16,577] [main] INFO  org.jgap.gp.impl.GPGenotype  - Evolving generation 775, memory free: 94.4 MB
[30.11.2016 08:43:18,322] [main] INFO  org.jgap.gp.impl.GPGenotype  - Evolving generation 800, memory free: 100.9 MB
[30.11.2016 08:43:20,087] [main] INFO  org.jgap.gp.impl.GPGenotype  - Evolving generation 825, memory free: 81.1 MB
[30.11.2016 08:43:21,903] [main] INFO  org.jgap.gp.impl.GPGenotype  - Evolving generation 850, memory free: 89.4 MB
[30.11.2016 08:43:23,677] [main] INFO  org.jgap.gp.impl.GPGenotype  - Evolving generation 875, memory free: 98.4 MB
[30.11.2016 08:43:25,384] [main] INFO  org.jgap.gp.impl.GPGenotype  - Evolving generation 900, memory free: 76.7 MB
[30.11.2016 08:43:27,085] [main] INFO  org.jgap.gp.impl.GPGenotype  - Evolving generation 925, memory free: 83.7 MB
[30.11.2016 08:43:28,769] [main] INFO  org.jgap.gp.impl.GPGenotype  - Evolving generation 950, memory free: 89.9 MB
[30.11.2016 08:43:30,472] [main] INFO  org.jgap.gp.impl.GPGenotype  - Evolving generation 975, memory free: 70.1 MB
[30.11.2016 08:43:32,217] [main] INFO  org.jgap.gp.impl.GPGenotype  - Best solution fitness: 2296.0
[30.11.2016 08:43:32,217] [main] INFO  org.jgap.gp.impl.GPGenotype  - Best solution: ((PDR_AFP * (N_effort / NPDR_AFP)) + (NPDR_AFP / (PDR_UFP + PDR_AFP))) + (NPDR_AFP / ((N_effort / NPDR_AFP) + PDR_AFP))
[30.11.2016 08:43:32,217] [main] INFO  org.jgap.gp.impl.GPGenotype  - Depth of chrom: 4
[30.11.2016 08:47:51,736] [main] INFO  org.jgap.gp.impl.GPGenotype  - Creating initial population
[30.11.2016 08:47:51,742] [main] INFO  org.jgap.gp.impl.GPGenotype  - Mem free: 182.5 MB
[30.11.2016 08:47:51,750] [main] INFO  org.jgap.gp.impl.GPPopulation  - Prototype program set
[30.11.2016 08:47:51,782] [main] INFO  org.jgap.gp.impl.GPGenotype  - Mem free after creating population: 182.5 MB
[30.11.2016 08:47:51,784] [main] INFO  org.jgap.gp.impl.GPGenotype  - Your configuration does not contain unused commands, this is good
[30.11.2016 08:47:51,785] [main] INFO  org.jgap.gp.impl.GPGenotype  - Evolving generation 0, memory free: 178.6 MB
[30.11.2016 08:47:51,962] [main] INFO  org.jgap.gp.impl.GPGenotype  - Best solution fitness: 179196.0
[30.11.2016 08:47:51,962] [main] INFO  org.jgap.gp.impl.GPGenotype  - Best solution: N_effort
[30.11.2016 08:47:51,963] [main] INFO  org.jgap.gp.impl.GPGenotype  - Depth of chrom: 0
[30.11.2016 08:47:52,077] [main] INFO  org.jgap.gp.impl.GPGenotype  - Best solution fitness: 179192.0
[30.11.2016 08:47:52,077] [main] INFO  org.jgap.gp.impl.GPGenotype  - Best solution: Exp((log N_effort))
[30.11.2016 08:47:52,077] [main] INFO  org.jgap.gp.impl.GPGenotype  - Depth of chrom: 2
[30.11.2016 08:47:52,278] [main] INFO  org.jgap.gp.impl.GPGenotype  - Best solution fitness: 178665.0
[30.11.2016 08:47:52,279] [main] INFO  org.jgap.gp.impl.GPGenotype  - Best solution: Exp((log (N_effort - Deleted)))
[30.11.2016 08:47:52,279] [main] INFO  org.jgap.gp.impl.GPGenotype  - Depth of chrom: 3
[30.11.2016 08:47:52,491] [main] INFO  org.jgap.gp.impl.GPGenotype  - Best solution fitness: 178662.0
[30.11.2016 08:47:52,492] [main] INFO  org.jgap.gp.impl.GPGenotype  - Best solution: N_effort - Deleted
[30.11.2016 08:47:52,492] [main] INFO  org.jgap.gp.impl.GPGenotype  - Depth of chrom: 1
[30.11.2016 08:47:52,699] [main] INFO  org.jgap.gp.impl.GPGenotype  - Best solution fitness: 178658.0
[30.11.2016 08:47:52,699] [main] INFO  org.jgap.gp.impl.GPGenotype  - Best solution: Exp((log ((Exp((log N_effort))) - Deleted)))
[30.11.2016 08:47:52,699] [main] INFO  org.jgap.gp.impl.GPGenotype  - Depth of chrom: 5
[30.11.2016 08:47:53,085] [main] INFO  org.jgap.gp.impl.GPGenotype  - Best solution fitness: 178125.0
[30.11.2016 08:47:53,085] [main] INFO  org.jgap.gp.impl.GPGenotype  - Best solution: Exp((log (N_effort - PDR_AFP)))
[30.11.2016 08:47:53,086] [main] INFO  org.jgap.gp.impl.GPGenotype  - Depth of chrom: 3
[30.11.2016 08:47:53,315] [main] INFO  org.jgap.gp.impl.GPGenotype  - Best solution fitness: 176002.0
[30.11.2016 08:47:53,315] [main] INFO  org.jgap.gp.impl.GPGenotype  - Best solution: N_effort - (PDR_UFP + NPDU_UFP)
[30.11.2016 08:47:53,315] [main] INFO  org.jgap.gp.impl.GPGenotype  - Depth of chrom: 2
[30.11.2016 08:47:53,531] [main] INFO  org.jgap.gp.impl.GPGenotype  - Best solution fitness: 175490.0
[30.11.2016 08:47:53,531] [main] INFO  org.jgap.gp.impl.GPGenotype  - Best solution: (N_effort - Deleted) - (PDR_UFP + NPDU_UFP)
[30.11.2016 08:47:53,531] [main] INFO  org.jgap.gp.impl.GPGenotype  - Depth of chrom: 2
[30.11.2016 08:47:53,532] [main] INFO  org.jgap.gp.impl.GPGenotype  - Evolving generation 25, memory free: 153.2 MB
[30.11.2016 08:47:54,005] [main] INFO  org.jgap.gp.impl.GPGenotype  - Best solution fitness: 174941.0
[30.11.2016 08:47:54,006] [main] INFO  org.jgap.gp.impl.GPGenotype  - Best solution: (N_effort - PDR_AFP) - (PDR_UFP + NPDU_UFP)
[30.11.2016 08:47:54,006] [main] INFO  org.jgap.gp.impl.GPGenotype  - Depth of chrom: 2
[30.11.2016 08:47:54,120] [main] INFO  org.jgap.gp.impl.GPGenotype  - Best solution fitness: 174180.0
[30.11.2016 08:47:54,121] [main] INFO  org.jgap.gp.impl.GPGenotype  - Best solution: (N_effort - NPDR_AFP) - (PDR_UFP + NPDU_UFP)
[30.11.2016 08:47:54,121] [main] INFO  org.jgap.gp.impl.GPGenotype  - Depth of chrom: 2
[30.11.2016 08:47:54,176] [main] INFO  org.jgap.gp.impl.GPGenotype  - Best solution fitness: 172361.0
[30.11.2016 08:47:54,176] [main] INFO  org.jgap.gp.impl.GPGenotype  - Best solution: ((N_effort - NPDR_AFP) - (PDR_UFP + NPDU_UFP)) - NPDR_AFP
[30.11.2016 08:47:54,177] [main] INFO  org.jgap.gp.impl.GPGenotype  - Depth of chrom: 3
[30.11.2016 08:47:54,294] [main] INFO  org.jgap.gp.impl.GPGenotype  - Best solution fitness: 170134.0
[30.11.2016 08:47:54,294] [main] INFO  org.jgap.gp.impl.GPGenotype  - Best solution: ((Exp((log (((N_effort - NPDR_AFP) - Deleted) - NPDR_AFP)))) - (PDR_UFP + NPDU_UFP)) - NPDR_AFP
[30.11.2016 08:47:54,294] [main] INFO  org.jgap.gp.impl.GPGenotype  - Depth of chrom: 7
[30.11.2016 08:47:54,420] [main] INFO  org.jgap.gp.impl.GPGenotype  - Best solution fitness: 168778.0
[30.11.2016 08:47:54,420] [main] INFO  org.jgap.gp.impl.GPGenotype  - Best solution: ((((N_effort - NPDR_AFP) - (PDR_UFP + NPDU_UFP)) - NPDR_AFP) - NPDR_AFP) - NPDR_AFP
[30.11.2016 08:47:54,420] [main] INFO  org.jgap.gp.impl.GPGenotype  - Depth of chrom: 5
[30.11.2016 08:47:54,492] [main] INFO  org.jgap.gp.impl.GPGenotype  - Best solution fitness: 5865.0
[30.11.2016 08:47:54,493] [main] INFO  org.jgap.gp.impl.GPGenotype  - Best solution: AFP * PDR_AFP
[30.11.2016 08:47:54,493] [main] INFO  org.jgap.gp.impl.GPGenotype  - Depth of chrom: 1
[30.11.2016 08:47:55,227] [main] INFO  org.jgap.gp.impl.GPGenotype  - Evolving generation 50, memory free: 133.7 MB
[30.11.2016 08:47:56,419] [main] INFO  org.jgap.gp.impl.GPGenotype  - Best solution fitness: 5778.0
[30.11.2016 08:47:56,419] [main] INFO  org.jgap.gp.impl.GPGenotype  - Best solution: (AFP * PDR_AFP) + (sqrt (sqrt Interface))
[30.11.2016 08:47:56,419] [main] INFO  org.jgap.gp.impl.GPGenotype  - Depth of chrom: 3
[30.11.2016 08:47:56,682] [main] INFO  org.jgap.gp.impl.GPGenotype  - Evolving generation 75, memory free: 152.3 MB
[30.11.2016 08:47:57,956] [main] INFO  org.jgap.gp.impl.GPGenotype  - Evolving generation 100, memory free: 150.2 MB
[30.11.2016 08:47:58,570] [main] INFO  org.jgap.gp.impl.GPGenotype  - Best solution fitness: 2574.0
[30.11.2016 08:47:58,571] [main] INFO  org.jgap.gp.impl.GPGenotype  - Best solution: (PDR_UFP * N_effort) / (Dev.Type + NPDU_UFP)
[30.11.2016 08:47:58,571] [main] INFO  org.jgap.gp.impl.GPGenotype  - Depth of chrom: 2
[30.11.2016 08:47:59,233] [main] INFO  org.jgap.gp.impl.GPGenotype  - Evolving generation 125, memory free: 127.1 MB
[30.11.2016 08:48:00,531] [main] INFO  org.jgap.gp.impl.GPGenotype  - Evolving generation 150, memory free: 128.5 MB
[30.11.2016 08:48:02,076] [main] INFO  org.jgap.gp.impl.GPGenotype  - Evolving generation 175, memory free: 137.2 MB
[30.11.2016 08:48:03,925] [main] INFO  org.jgap.gp.impl.GPGenotype  - Evolving generation 200, memory free: 127.9 MB
[30.11.2016 08:48:05,764] [main] INFO  org.jgap.gp.impl.GPGenotype  - Evolving generation 225, memory free: 144.2 MB
[30.11.2016 08:48:06,184] [main] INFO  org.jgap.gp.impl.GPGenotype  - Best solution fitness: 2571.0
[30.11.2016 08:48:06,184] [main] INFO  org.jgap.gp.impl.GPGenotype  - Best solution: (PDR_UFP / AFP) + ((AFP / ((AFP * PDR_AFP) * PDR_AFP)) + ((PDR_UFP * N_effort) / (Dev.Type + NPDU_UFP)))
[30.11.2016 08:48:06,185] [main] INFO  org.jgap.gp.impl.GPGenotype  - Depth of chrom: 5
[30.11.2016 08:48:06,323] [main] INFO  org.jgap.gp.impl.GPGenotype  - Best solution fitness: 2567.0
[30.11.2016 08:48:06,323] [main] INFO  org.jgap.gp.impl.GPGenotype  - Best solution: (PDR_UFP / AFP) + ((AFP / (AFP * PDR_AFP)) + ((PDR_UFP * N_effort) / (Dev.Type + NPDU_UFP)))
[30.11.2016 08:48:06,323] [main] INFO  org.jgap.gp.impl.GPGenotype  - Depth of chrom: 4
[30.11.2016 08:48:06,538] [main] INFO  org.jgap.gp.impl.GPGenotype  - Best solution fitness: 2565.0
[30.11.2016 08:48:06,538] [main] INFO  org.jgap.gp.impl.GPGenotype  - Best solution: (AFP / ((AFP * PDR_AFP) + PDR_AFP)) + ((PDR_UFP * N_effort) / (Dev.Type + NPDU_UFP))
[30.11.2016 08:48:06,538] [main] INFO  org.jgap.gp.impl.GPGenotype  - Depth of chrom: 4
[30.11.2016 08:48:06,747] [main] INFO  org.jgap.gp.impl.GPGenotype  - Best solution fitness: 2551.0
[30.11.2016 08:48:06,747] [main] INFO  org.jgap.gp.impl.GPGenotype  - Best solution: (N_effort / (AFP + (AFP * PDR_AFP))) + ((PDR_UFP * N_effort) / (Dev.Type + NPDU_UFP))
[30.11.2016 08:48:06,747] [main] INFO  org.jgap.gp.impl.GPGenotype  - Depth of chrom: 4
[30.11.2016 08:48:06,889] [main] INFO  org.jgap.gp.impl.GPGenotype  - Best solution fitness: 2542.0
[30.11.2016 08:48:06,889] [main] INFO  org.jgap.gp.impl.GPGenotype  - Best solution: (N_effort / ((AFP * PDR_AFP) + (AFP * PDR_AFP))) + ((PDR_UFP * N_effort) / (Dev.Type + NPDU_UFP))
[30.11.2016 08:48:06,889] [main] INFO  org.jgap.gp.impl.GPGenotype  - Depth of chrom: 4
[30.11.2016 08:48:07,518] [main] INFO  org.jgap.gp.impl.GPGenotype  - Evolving generation 250, memory free: 132.4 MB
[30.11.2016 08:48:09,306] [main] INFO  org.jgap.gp.impl.GPGenotype  - Evolving generation 275, memory free: 123.0 MB
[30.11.2016 08:48:11,086] [main] INFO  org.jgap.gp.impl.GPGenotype  - Evolving generation 300, memory free: 139.0 MB
[30.11.2016 08:48:12,823] [main] INFO  org.jgap.gp.impl.GPGenotype  - Evolving generation 325, memory free: 127.8 MB
[30.11.2016 08:48:14,524] [main] INFO  org.jgap.gp.impl.GPGenotype  - Evolving generation 350, memory free: 117.8 MB
[30.11.2016 08:48:14,800] [main] INFO  org.jgap.gp.impl.GPGenotype  - Best solution fitness: 2540.0
[30.11.2016 08:48:14,800] [main] INFO  org.jgap.gp.impl.GPGenotype  - Best solution: (N_effort / (((AFP * PDR_AFP) + N_effort) + (AFP * PDR_AFP))) + ((PDR_UFP * N_effort) / (Dev.Type + NPDU_UFP))
[30.11.2016 08:48:14,800] [main] INFO  org.jgap.gp.impl.GPGenotype  - Depth of chrom: 5
[30.11.2016 08:48:15,149] [main] INFO  org.jgap.gp.impl.GPGenotype  - Best solution fitness: 2538.0
[30.11.2016 08:48:15,149] [main] INFO  org.jgap.gp.impl.GPGenotype  - Best solution: (N_effort / (((AFP * PDR_AFP) + (AFP * PDR_AFP)) + (AFP * PDR_AFP))) + ((PDR_UFP * N_effort) / NPDU_UFP)
[30.11.2016 08:48:15,150] [main] INFO  org.jgap.gp.impl.GPGenotype  - Depth of chrom: 5
[30.11.2016 08:48:16,256] [main] INFO  org.jgap.gp.impl.GPGenotype  - Evolving generation 375, memory free: 133.7 MB
[30.11.2016 08:48:16,821] [main] INFO  org.jgap.gp.impl.GPGenotype  - Best solution fitness: 2537.0
[30.11.2016 08:48:16,821] [main] INFO  org.jgap.gp.impl.GPGenotype  - Best solution: (N_effort / ((N_effort + ((AFP * PDR_AFP) + (Enquiry / NPDU_UFP))) + N_effort)) + ((PDR_UFP * N_effort) / NPDU_UFP)
[30.11.2016 08:48:16,821] [main] INFO  org.jgap.gp.impl.GPGenotype  - Depth of chrom: 6
[30.11.2016 08:48:18,042] [main] INFO  org.jgap.gp.impl.GPGenotype  - Evolving generation 400, memory free: 123.3 MB
[30.11.2016 08:48:18,116] [main] INFO  org.jgap.gp.impl.GPGenotype  - Best solution fitness: 2535.0
[30.11.2016 08:48:18,118] [main] INFO  org.jgap.gp.impl.GPGenotype  - Best solution: (N_effort / ((PDR_AFP + (N_effort + N_effort)) + N_effort)) + ((PDR_UFP * N_effort) / NPDU_UFP)
[30.11.2016 08:48:18,118] [main] INFO  org.jgap.gp.impl.GPGenotype  - Depth of chrom: 5
[30.11.2016 08:48:19,855] [main] INFO  org.jgap.gp.impl.GPGenotype  - Evolving generation 425, memory free: 114.0 MB
[30.11.2016 08:48:21,671] [main] INFO  org.jgap.gp.impl.GPGenotype  - Evolving generation 450, memory free: 131.1 MB
[30.11.2016 08:48:22,341] [main] INFO  org.jgap.gp.impl.GPGenotype  - Best solution fitness: 2534.0
[30.11.2016 08:48:22,341] [main] INFO  org.jgap.gp.impl.GPGenotype  - Best solution: (N_effort / (((Input * PDR_UFP) + N_effort) + N_effort)) + ((PDR_UFP * N_effort) / NPDU_UFP)
[30.11.2016 08:48:22,342] [main] INFO  org.jgap.gp.impl.GPGenotype  - Depth of chrom: 5
[30.11.2016 08:48:22,561] [main] INFO  org.jgap.gp.impl.GPGenotype  - Best solution fitness: 2533.0
[30.11.2016 08:48:22,562] [main] INFO  org.jgap.gp.impl.GPGenotype  - Best solution: (N_effort / (((N_effort + (N_effort / (Input * PDR_UFP))) + N_effort) + N_effort)) + ((PDR_UFP * N_effort) / NPDU_UFP)
[30.11.2016 08:48:22,562] [main] INFO  org.jgap.gp.impl.GPGenotype  - Depth of chrom: 7
[30.11.2016 08:48:23,526] [main] INFO  org.jgap.gp.impl.GPGenotype  - Evolving generation 475, memory free: 121.2 MB
[30.11.2016 08:48:25,385] [main] INFO  org.jgap.gp.impl.GPGenotype  - Evolving generation 500, memory free: 111.3 MB
[30.11.2016 08:48:27,276] [main] INFO  org.jgap.gp.impl.GPGenotype  - Evolving generation 525, memory free: 129.1 MB
[30.11.2016 08:48:29,166] [main] INFO  org.jgap.gp.impl.GPGenotype  - Evolving generation 550, memory free: 120.8 MB
[30.11.2016 08:48:31,069] [main] INFO  org.jgap.gp.impl.GPGenotype  - Evolving generation 575, memory free: 112.3 MB
[30.11.2016 08:48:33,004] [main] INFO  org.jgap.gp.impl.GPGenotype  - Evolving generation 600, memory free: 130.5 MB
[30.11.2016 08:48:34,945] [main] INFO  org.jgap.gp.impl.GPGenotype  - Evolving generation 625, memory free: 121.7 MB
[30.11.2016 08:48:36,891] [main] INFO  org.jgap.gp.impl.GPGenotype  - Evolving generation 650, memory free: 113.0 MB
[30.11.2016 08:48:38,810] [main] INFO  org.jgap.gp.impl.GPGenotype  - Evolving generation 675, memory free: 131.0 MB
[30.11.2016 08:48:40,771] [main] INFO  org.jgap.gp.impl.GPGenotype  - Evolving generation 700, memory free: 113.5 MB
[30.11.2016 08:48:42,730] [main] INFO  org.jgap.gp.impl.GPGenotype  - Evolving generation 725, memory free: 115.7 MB
[30.11.2016 08:48:44,694] [main] INFO  org.jgap.gp.impl.GPGenotype  - Evolving generation 750, memory free: 117.8 MB
[30.11.2016 08:48:46,622] [main] INFO  org.jgap.gp.impl.GPGenotype  - Evolving generation 775, memory free: 103.0 MB
[30.11.2016 08:48:47,312] [main] INFO  org.jgap.gp.impl.GPGenotype  - Best solution fitness: 2531.0
[30.11.2016 08:48:47,313] [main] INFO  org.jgap.gp.impl.GPGenotype  - Best solution: (N_effort / ((((NPDU_UFP + (log AFP)) * Input) + N_effort) + N_effort)) + ((PDR_UFP * N_effort) / NPDU_UFP)
[30.11.2016 08:48:47,313] [main] INFO  org.jgap.gp.impl.GPGenotype  - Depth of chrom: 7
[30.11.2016 08:48:48,556] [main] INFO  org.jgap.gp.impl.GPGenotype  - Evolving generation 800, memory free: 120.9 MB
[30.11.2016 08:48:49,811] [main] INFO  org.jgap.gp.impl.GPGenotype  - Best solution fitness: 2530.0
[30.11.2016 08:48:49,812] [main] INFO  org.jgap.gp.impl.GPGenotype  - Best solution: (N_effort / ((((NPDU_UFP + (log N_effort)) * Input) + N_effort) + N_effort)) + ((PDR_UFP * N_effort) / NPDU_UFP)
[30.11.2016 08:48:49,812] [main] INFO  org.jgap.gp.impl.GPGenotype  - Depth of chrom: 7
[30.11.2016 08:48:50,516] [main] INFO  org.jgap.gp.impl.GPGenotype  - Evolving generation 825, memory free: 110.4 MB
[30.11.2016 08:48:52,492] [main] INFO  org.jgap.gp.impl.GPGenotype  - Evolving generation 850, memory free: 127.3 MB
[30.11.2016 08:48:54,412] [main] INFO  org.jgap.gp.impl.GPGenotype  - Evolving generation 875, memory free: 117.7 MB
[30.11.2016 08:48:56,373] [main] INFO  org.jgap.gp.impl.GPGenotype  - Evolving generation 900, memory free: 108.0 MB
[30.11.2016 08:48:58,238] [main] INFO  org.jgap.gp.impl.GPGenotype  - Evolving generation 925, memory free: 125.0 MB
[30.11.2016 08:49:00,132] [main] INFO  org.jgap.gp.impl.GPGenotype  - Evolving generation 950, memory free: 115.3 MB
[30.11.2016 08:49:02,082] [main] INFO  org.jgap.gp.impl.GPGenotype  - Evolving generation 975, memory free: 106.5 MB
[30.11.2016 08:49:04,031] [main] INFO  org.jgap.gp.impl.GPGenotype  - Best solution fitness: 2530.0
[30.11.2016 08:49:04,031] [main] INFO  org.jgap.gp.impl.GPGenotype  - Best solution: (N_effort / ((((NPDU_UFP + (log N_effort)) * Input) + N_effort) + N_effort)) + ((PDR_UFP * N_effort) / NPDU_UFP)
[30.11.2016 08:49:04,032] [main] INFO  org.jgap.gp.impl.GPGenotype  - Depth of chrom: 7
[30.11.2016 08:49:29,524] [main] INFO  org.jgap.gp.impl.GPGenotype  - Creating initial population
[30.11.2016 08:49:29,530] [main] INFO  org.jgap.gp.impl.GPGenotype  - Mem free: 182.5 MB
[30.11.2016 08:49:29,538] [main] INFO  org.jgap.gp.impl.GPPopulation  - Prototype program set
[30.11.2016 08:49:29,588] [main] INFO  org.jgap.gp.impl.GPGenotype  - Mem free after creating population: 182.5 MB
[30.11.2016 08:49:29,589] [main] INFO  org.jgap.gp.impl.GPGenotype  - Your configuration does not contain unused commands, this is good
[30.11.2016 08:49:29,590] [main] INFO  org.jgap.gp.impl.GPGenotype  - Evolving generation 0, memory free: 178.6 MB
[30.11.2016 08:49:29,777] [main] INFO  org.jgap.gp.impl.GPGenotype  - Best solution fitness: 179196.0
[30.11.2016 08:49:29,778] [main] INFO  org.jgap.gp.impl.GPGenotype  - Best solution: N_effort
[30.11.2016 08:49:29,778] [main] INFO  org.jgap.gp.impl.GPGenotype  - Depth of chrom: 0
[30.11.2016 08:49:29,839] [main] INFO  org.jgap.gp.impl.GPGenotype  - Best solution fitness: 177374.0
[30.11.2016 08:49:29,839] [main] INFO  org.jgap.gp.impl.GPGenotype  - Best solution: N_effort - NPDR_AFP
[30.11.2016 08:49:29,839] [main] INFO  org.jgap.gp.impl.GPGenotype  - Depth of chrom: 1
[30.11.2016 08:49:30,357] [main] INFO  org.jgap.gp.impl.GPGenotype  - Best solution fitness: 175556.0
[30.11.2016 08:49:30,373] [main] INFO  org.jgap.gp.impl.GPGenotype  - Best solution: (N_effort - NPDR_AFP) - NPDR_AFP
[30.11.2016 08:49:30,374] [main] INFO  org.jgap.gp.impl.GPGenotype  - Depth of chrom: 2
[30.11.2016 08:49:30,525] [main] INFO  org.jgap.gp.impl.GPGenotype  - Best solution fitness: 173734.0
[30.11.2016 08:49:30,526] [main] INFO  org.jgap.gp.impl.GPGenotype  - Best solution: ((N_effort - NPDR_AFP) - NPDR_AFP) - NPDR_AFP
[30.11.2016 08:49:30,526] [main] INFO  org.jgap.gp.impl.GPGenotype  - Depth of chrom: 3
[30.11.2016 08:49:30,581] [main] INFO  org.jgap.gp.impl.GPGenotype  - Best solution fitness: 10003.0
[30.11.2016 08:49:30,581] [main] INFO  org.jgap.gp.impl.GPGenotype  - Best solution: (PDR_AFP * AFP) - PDR_AFP
[30.11.2016 08:49:30,581] [main] INFO  org.jgap.gp.impl.GPGenotype  - Depth of chrom: 2
[30.11.2016 08:49:30,640] [main] INFO  org.jgap.gp.impl.GPGenotype  - Best solution fitness: 5865.0
[30.11.2016 08:49:30,641] [main] INFO  org.jgap.gp.impl.GPGenotype  - Best solution: PDR_AFP * AFP
[30.11.2016 08:49:30,641] [main] INFO  org.jgap.gp.impl.GPGenotype  - Depth of chrom: 1
[30.11.2016 08:49:31,139] [main] INFO  org.jgap.gp.impl.GPGenotype  - Evolving generation 25, memory free: 140.2 MB
[30.11.2016 08:49:32,232] [main] INFO  org.jgap.gp.impl.GPGenotype  - Best solution fitness: 5835.0
[30.11.2016 08:49:32,232] [main] INFO  org.jgap.gp.impl.GPGenotype  - Best solution: (PDR_AFP * AFP) + (sqrt Resource)
[30.11.2016 08:49:32,233] [main] INFO  org.jgap.gp.impl.GPGenotype  - Depth of chrom: 2
[30.11.2016 08:49:32,563] [main] INFO  org.jgap.gp.impl.GPGenotype  - Evolving generation 50, memory free: 135.6 MB
[30.11.2016 08:49:33,505] [main] INFO  org.jgap.gp.impl.GPGenotype  - Best solution fitness: 5831.0
[30.11.2016 08:49:33,506] [main] INFO  org.jgap.gp.impl.GPGenotype  - Best solution: (PDR_AFP * AFP) + (sqrt (sqrt Resource))
[30.11.2016 08:49:33,506] [main] INFO  org.jgap.gp.impl.GPGenotype  - Depth of chrom: 3
[30.11.2016 08:49:33,951] [main] INFO  org.jgap.gp.impl.GPGenotype  - Evolving generation 75, memory free: 145.2 MB
[30.11.2016 08:49:34,518] [main] INFO  org.jgap.gp.impl.GPGenotype  - Best solution fitness: 5819.0
[30.11.2016 08:49:34,519] [main] INFO  org.jgap.gp.impl.GPGenotype  - Best solution: (PDR_AFP * AFP) + (sqrt ((sqrt Resource) + Resource))
[30.11.2016 08:49:34,519] [main] INFO  org.jgap.gp.impl.GPGenotype  - Depth of chrom: 4
[30.11.2016 08:49:34,630] [main] INFO  org.jgap.gp.impl.GPGenotype  - Best solution fitness: 5812.0
[30.11.2016 08:49:34,630] [main] INFO  org.jgap.gp.impl.GPGenotype  - Best solution: (PDR_AFP * AFP) + ((sqrt Interface) - (Duration / AFP))
[30.11.2016 08:49:34,630] [main] INFO  org.jgap.gp.impl.GPGenotype  - Depth of chrom: 3
[30.11.2016 08:49:35,386] [main] INFO  org.jgap.gp.impl.GPGenotype  - Evolving generation 100, memory free: 138.8 MB
[30.11.2016 08:49:35,733] [main] INFO  org.jgap.gp.impl.GPGenotype  - Best solution fitness: 5790.0
[30.11.2016 08:49:35,734] [main] INFO  org.jgap.gp.impl.GPGenotype  - Best solution: (PDR_AFP * AFP) + ((sqrt Interface) - ((PDR_AFP * AFP) / (PDR_AFP * AFP)))
[30.11.2016 08:49:35,734] [main] INFO  org.jgap.gp.impl.GPGenotype  - Depth of chrom: 4
[30.11.2016 08:49:36,839] [main] INFO  org.jgap.gp.impl.GPGenotype  - Evolving generation 125, memory free: 141.3 MB
[30.11.2016 08:49:37,022] [main] INFO  org.jgap.gp.impl.GPGenotype  - Best solution fitness: 5783.0
[30.11.2016 08:49:37,023] [main] INFO  org.jgap.gp.impl.GPGenotype  - Best solution: (PDR_AFP * AFP) + ((sqrt Interface) - ((PDR_AFP * AFP) / ((PDR_AFP * AFP) + (PDR_AFP * AFP))))
[30.11.2016 08:49:37,023] [main] INFO  org.jgap.gp.impl.GPGenotype  - Depth of chrom: 5
[30.11.2016 08:49:38,367] [main] INFO  org.jgap.gp.impl.GPGenotype  - Evolving generation 150, memory free: 118.7 MB
[30.11.2016 08:49:38,569] [main] INFO  org.jgap.gp.impl.GPGenotype  - Best solution fitness: 5773.0
[30.11.2016 08:49:38,570] [main] INFO  org.jgap.gp.impl.GPGenotype  - Best solution: (PDR_AFP * AFP) + ((sqrt (File / PDR_UFP)) - ((PDR_AFP * AFP) / (PDR_AFP * AFP)))
[30.11.2016 08:49:38,570] [main] INFO  org.jgap.gp.impl.GPGenotype  - Depth of chrom: 4
[30.11.2016 08:49:38,707] [main] INFO  org.jgap.gp.impl.GPGenotype  - Best solution fitness: 5760.0
[30.11.2016 08:49:38,707] [main] INFO  org.jgap.gp.impl.GPGenotype  - Best solution: (PDR_AFP * AFP) + ((sqrt Interface) - ((sqrt Interface) / (Resource + (sqrt Interface))))
[30.11.2016 08:49:38,707] [main] INFO  org.jgap.gp.impl.GPGenotype  - Depth of chrom: 5
[30.11.2016 08:49:39,397] [main] INFO  org.jgap.gp.impl.GPGenotype  - Best solution fitness: 5699.0
[30.11.2016 08:49:39,398] [main] INFO  org.jgap.gp.impl.GPGenotype  - Best solution: (PDR_AFP * AFP) + ((sqrt Interface) - ((sqrt Interface) / (Resource + Resource)))
[30.11.2016 08:49:39,398] [main] INFO  org.jgap.gp.impl.GPGenotype  - Depth of chrom: 4
[30.11.2016 08:49:40,076] [main] INFO  org.jgap.gp.impl.GPGenotype  - Evolving generation 175, memory free: 130.9 MB
[30.11.2016 08:49:41,785] [main] INFO  org.jgap.gp.impl.GPGenotype  - Evolving generation 200, memory free: 137.8 MB
[30.11.2016 08:49:42,337] [main] INFO  org.jgap.gp.impl.GPGenotype  - Best solution fitness: 5691.0
[30.11.2016 08:49:42,337] [main] INFO  org.jgap.gp.impl.GPGenotype  - Best solution: (PDR_AFP * AFP) + ((sqrt Interface) - ((sqrt Interface) / (((sqrt Interface) / PDR_AFP) + Resource)))
[30.11.2016 08:49:42,338] [main] INFO  org.jgap.gp.impl.GPGenotype  - Depth of chrom: 6
[30.11.2016 08:49:43,466] [main] INFO  org.jgap.gp.impl.GPGenotype  - Best solution fitness: 5677.0
[30.11.2016 08:49:43,466] [main] INFO  org.jgap.gp.impl.GPGenotype  - Best solution: (PDR_AFP * AFP) + ((sqrt Interface) - ((sqrt Interface) / ((AFP / (PDR_AFP * Interface)) + Resource)))
[30.11.2016 08:49:43,467] [main] INFO  org.jgap.gp.impl.GPGenotype  - Depth of chrom: 6
[30.11.2016 08:49:43,539] [main] INFO  org.jgap.gp.impl.GPGenotype  - Evolving generation 225, memory free: 122.0 MB
[30.11.2016 08:49:44,039] [main] INFO  org.jgap.gp.impl.GPGenotype  - Best solution fitness: 5676.0
[30.11.2016 08:49:44,040] [main] INFO  org.jgap.gp.impl.GPGenotype  - Best solution: (PDR_AFP * AFP) + ((sqrt Interface) - (((sqrt Interface) + Resource) / ((AFP / (PDR_AFP * Interface)) + Resource)))
[30.11.2016 08:49:44,040] [main] INFO  org.jgap.gp.impl.GPGenotype  - Depth of chrom: 6
[30.11.2016 08:49:45,334] [main] INFO  org.jgap.gp.impl.GPGenotype  - Evolving generation 250, memory free: 129.7 MB
[30.11.2016 08:49:47,096] [main] INFO  org.jgap.gp.impl.GPGenotype  - Evolving generation 275, memory free: 113.1 MB
[30.11.2016 08:49:48,483] [main] INFO  org.jgap.gp.impl.GPGenotype  - Best solution fitness: 5659.0
[30.11.2016 08:49:48,483] [main] INFO  org.jgap.gp.impl.GPGenotype  - Best solution: (PDR_AFP * AFP) + ((sqrt Interface) - ((sqrt Interface) / (((Input / PDR_AFP) / PDR_AFP) + Resource)))
[30.11.2016 08:49:48,484] [main] INFO  org.jgap.gp.impl.GPGenotype  - Depth of chrom: 6
[30.11.2016 08:49:48,835] [main] INFO  org.jgap.gp.impl.GPGenotype  - Evolving generation 300, memory free: 120.1 MB
[30.11.2016 08:49:50,596] [main] INFO  org.jgap.gp.impl.GPGenotype  - Evolving generation 325, memory free: 105.8 MB
[30.11.2016 08:49:52,365] [main] INFO  org.jgap.gp.impl.GPGenotype  - Evolving generation 350, memory free: 113.7 MB
[30.11.2016 08:49:54,151] [main] INFO  org.jgap.gp.impl.GPGenotype  - Evolving generation 375, memory free: 98.4 MB
[30.11.2016 08:49:55,928] [main] INFO  org.jgap.gp.impl.GPGenotype  - Evolving generation 400, memory free: 108.4 MB
[30.11.2016 08:49:57,661] [main] INFO  org.jgap.gp.impl.GPGenotype  - Evolving generation 425, memory free: 93.0 MB
[30.11.2016 08:49:59,417] [main] INFO  org.jgap.gp.impl.GPGenotype  - Evolving generation 450, memory free: 101.5 MB
[30.11.2016 08:50:01,170] [main] INFO  org.jgap.gp.impl.GPGenotype  - Evolving generation 475, memory free: 109.7 MB
[30.11.2016 08:50:02,936] [main] INFO  org.jgap.gp.impl.GPGenotype  - Evolving generation 500, memory free: 91.2 MB
[30.11.2016 08:50:04,703] [main] INFO  org.jgap.gp.impl.GPGenotype  - Evolving generation 525, memory free: 99.8 MB
[30.11.2016 08:50:06,495] [main] INFO  org.jgap.gp.impl.GPGenotype  - Evolving generation 550, memory free: 82.3 MB
[30.11.2016 08:50:08,298] [main] INFO  org.jgap.gp.impl.GPGenotype  - Evolving generation 575, memory free: 92.9 MB
[30.11.2016 08:50:10,093] [main] INFO  org.jgap.gp.impl.GPGenotype  - Evolving generation 600, memory free: 77.5 MB
[30.11.2016 08:50:11,879] [main] INFO  org.jgap.gp.impl.GPGenotype  - Evolving generation 625, memory free: 88.1 MB
[30.11.2016 08:50:13,646] [main] INFO  org.jgap.gp.impl.GPGenotype  - Evolving generation 650, memory free: 71.7 MB
[30.11.2016 08:50:15,399] [main] INFO  org.jgap.gp.impl.GPGenotype  - Evolving generation 675, memory free: 80.2 MB
[30.11.2016 08:50:17,189] [main] INFO  org.jgap.gp.impl.GPGenotype  - Evolving generation 700, memory free: 88.4 MB
[30.11.2016 08:50:18,987] [main] INFO  org.jgap.gp.impl.GPGenotype  - Evolving generation 725, memory free: 73.8 MB
[30.11.2016 08:50:20,826] [main] INFO  org.jgap.gp.impl.GPGenotype  - Evolving generation 750, memory free: 85.2 MB
[30.11.2016 08:50:21,259] [main] INFO  org.jgap.gp.impl.GPGenotype  - Best solution fitness: 5658.0
[30.11.2016 08:50:21,259] [main] INFO  org.jgap.gp.impl.GPGenotype  - Best solution: (PDR_AFP * AFP) + ((sqrt Interface) - ((sqrt Interface) / (((Input / PDR_AFP) / NPDU_UFP) + Resource)))
[30.11.2016 08:50:21,259] [main] INFO  org.jgap.gp.impl.GPGenotype  - Depth of chrom: 6
[30.11.2016 08:50:22,668] [main] INFO  org.jgap.gp.impl.GPGenotype  - Evolving generation 775, memory free: 70.2 MB
[30.11.2016 08:50:24,494] [main] INFO  org.jgap.gp.impl.GPGenotype  - Evolving generation 800, memory free: 81.0 MB
[30.11.2016 08:50:26,282] [main] INFO  org.jgap.gp.impl.GPGenotype  - Best solution fitness: 5655.0
[30.11.2016 08:50:26,282] [main] INFO  org.jgap.gp.impl.GPGenotype  - Best solution: (PDR_AFP * AFP) + ((sqrt Interface) - ((sqrt Interface) / (((Input / (PDR_AFP + Resource)) / NPDU_UFP) + Resource)))
[30.11.2016 08:50:26,282] [main] INFO  org.jgap.gp.impl.GPGenotype  - Depth of chrom: 7
[30.11.2016 08:50:26,282] [main] INFO  org.jgap.gp.impl.GPGenotype  - Evolving generation 825, memory free: 64.4 MB
[30.11.2016 08:50:28,081] [main] INFO  org.jgap.gp.impl.GPGenotype  - Evolving generation 850, memory free: 73.1 MB
[30.11.2016 08:50:29,899] [main] INFO  org.jgap.gp.impl.GPGenotype  - Evolving generation 875, memory free: 55.7 MB
[30.11.2016 08:50:30,568] [main] INFO  org.jgap.gp.impl.GPGenotype  - Best solution fitness: 5654.0
[30.11.2016 08:50:30,569] [main] INFO  org.jgap.gp.impl.GPGenotype  - Best solution: (PDR_AFP * AFP) + ((sqrt Interface) - ((sqrt Interface) / (((Input / NPDR_AFP) / NPDU_UFP) + Resource)))
[30.11.2016 08:50:30,569] [main] INFO  org.jgap.gp.impl.GPGenotype  - Depth of chrom: 6
[30.11.2016 08:50:30,719] [main] INFO  org.jgap.gp.impl.GPGenotype  - Best solution fitness: 5649.0
[30.11.2016 08:50:30,720] [main] INFO  org.jgap.gp.impl.GPGenotype  - Best solution: (PDR_AFP * AFP) + ((sqrt Interface) - ((sqrt Interface) / (((Input / (PDR_AFP + PDR_AFP)) / NPDU_UFP) + Resource)))
[30.11.2016 08:50:30,720] [main] INFO  org.jgap.gp.impl.GPGenotype  - Depth of chrom: 7
[30.11.2016 08:50:31,775] [main] INFO  org.jgap.gp.impl.GPGenotype  - Evolving generation 900, memory free: 64.3 MB
[30.11.2016 08:50:33,640] [main] INFO  org.jgap.gp.impl.GPGenotype  - Evolving generation 925, memory free: 47.9 MB
[30.11.2016 08:50:35,503] [main] INFO  org.jgap.gp.impl.GPGenotype  - Evolving generation 950, memory free: 57.5 MB
[30.11.2016 08:50:37,292] [main] INFO  org.jgap.gp.impl.GPGenotype  - Evolving generation 975, memory free: 38.3 MB
[30.11.2016 08:50:39,084] [main] INFO  org.jgap.gp.impl.GPGenotype  - Best solution fitness: 5649.0
[30.11.2016 08:50:39,084] [main] INFO  org.jgap.gp.impl.GPGenotype  - Best solution: (PDR_AFP * AFP) + ((sqrt Interface) - ((sqrt Interface) / (((Input / (PDR_AFP + PDR_AFP)) / NPDU_UFP) + Resource)))
[30.11.2016 08:50:39,084] [main] INFO  org.jgap.gp.impl.GPGenotype  - Depth of chrom: 7
[30.11.2016 09:16:13,188] [main] INFO  org.jgap.gp.impl.GPGenotype  - Creating initial population
[30.11.2016 09:16:13,194] [main] INFO  org.jgap.gp.impl.GPGenotype  - Mem free: 182.5 MB
[30.11.2016 09:16:13,202] [main] INFO  org.jgap.gp.impl.GPPopulation  - Prototype program set
[30.11.2016 09:16:13,264] [main] INFO  org.jgap.gp.impl.GPGenotype  - Mem free after creating population: 182.5 MB
[30.11.2016 09:16:13,267] [main] INFO  org.jgap.gp.impl.GPGenotype  - Your configuration does not contain unused commands, this is good
[30.11.2016 09:16:13,271] [main] INFO  org.jgap.gp.impl.GPGenotype  - Evolving generation 0, memory free: 178.6 MB
[30.11.2016 09:16:13,472] [main] INFO  org.jgap.gp.impl.GPGenotype  - Best solution fitness: 179196.0
[30.11.2016 09:16:13,472] [main] INFO  org.jgap.gp.impl.GPGenotype  - Best solution: N_effort
[30.11.2016 09:16:13,472] [main] INFO  org.jgap.gp.impl.GPGenotype  - Depth of chrom: 0
[30.11.2016 09:16:13,645] [main] INFO  org.jgap.gp.impl.GPGenotype  - Best solution fitness: 178124.0
[30.11.2016 09:16:13,646] [main] INFO  org.jgap.gp.impl.GPGenotype  - Best solution: N_effort - PDR_AFP
[30.11.2016 09:16:13,646] [main] INFO  org.jgap.gp.impl.GPGenotype  - Depth of chrom: 1
[30.11.2016 09:16:13,912] [main] INFO  org.jgap.gp.impl.GPGenotype  - Best solution fitness: 176287.0
[30.11.2016 09:16:13,912] [main] INFO  org.jgap.gp.impl.GPGenotype  - Best solution: (N_effort - PDR_AFP) - NPDR_AFP
[30.11.2016 09:16:13,912] [main] INFO  org.jgap.gp.impl.GPGenotype  - Depth of chrom: 2
[30.11.2016 09:16:14,015] [main] INFO  org.jgap.gp.impl.GPGenotype  - Best solution fitness: 5861.0
[30.11.2016 09:16:14,015] [main] INFO  org.jgap.gp.impl.GPGenotype  - Best solution: AFP / ((Exp(Dev.Type)) / PDR_AFP)
[30.11.2016 09:16:14,015] [main] INFO  org.jgap.gp.impl.GPGenotype  - Depth of chrom: 3
[30.11.2016 09:16:14,921] [main] INFO  org.jgap.gp.impl.GPGenotype  - Evolving generation 25, memory free: 137.7 MB
[30.11.2016 09:16:17,065] [main] INFO  org.jgap.gp.impl.GPGenotype  - Best solution fitness: 5832.0
[30.11.2016 09:16:17,065] [main] INFO  org.jgap.gp.impl.GPGenotype  - Best solution: (Exp(Dev.Type)) + (AFP / ((Exp(Dev.Type)) / PDR_AFP))
[30.11.2016 09:16:17,066] [main] INFO  org.jgap.gp.impl.GPGenotype  - Depth of chrom: 4
[30.11.2016 09:16:17,066] [main] INFO  org.jgap.gp.impl.GPGenotype  - Evolving generation 50, memory free: 133.2 MB
[30.11.2016 09:16:18,880] [main] INFO  org.jgap.gp.impl.GPGenotype  - Evolving generation 75, memory free: 144.2 MB
[30.11.2016 09:16:19,439] [main] INFO  org.jgap.gp.impl.GPGenotype  - Best solution fitness: 5824.0
[30.11.2016 09:16:19,439] [main] INFO  org.jgap.gp.impl.GPGenotype  - Best solution: ((Exp(Dev.Type)) / ((Exp(Dev.Type)) + ((Exp(Dev.Type)) / PDR_AFP))) + (AFP / ((Exp(Dev.Type)) / PDR_AFP))
[30.11.2016 09:16:19,439] [main] INFO  org.jgap.gp.impl.GPGenotype  - Depth of chrom: 5
[30.11.2016 09:16:20,049] [main] INFO  org.jgap.gp.impl.GPGenotype  - Best solution fitness: 5795.0
[30.11.2016 09:16:20,049] [main] INFO  org.jgap.gp.impl.GPGenotype  - Best solution: (((Exp(Dev.Type)) / (AFP / (N_effort / PDR_AFP))) + (AFP / ((Exp(Dev.Type)) / PDR_AFP))) - Dev.Type
[30.11.2016 09:16:20,049] [main] INFO  org.jgap.gp.impl.GPGenotype  - Depth of chrom: 5
[30.11.2016 09:16:21,158] [main] INFO  org.jgap.gp.impl.GPGenotype  - Evolving generation 100, memory free: 135.4 MB
[30.11.2016 09:16:23,985] [main] INFO  org.jgap.gp.impl.GPGenotype  - Evolving generation 125, memory free: 134.2 MB
[30.11.2016 09:16:26,734] [main] INFO  org.jgap.gp.impl.GPGenotype  - Evolving generation 150, memory free: 117.2 MB
[30.11.2016 09:16:28,546] [main] INFO  org.jgap.gp.impl.GPGenotype  - Best solution fitness: 5786.0
[30.11.2016 09:16:28,546] [main] INFO  org.jgap.gp.impl.GPGenotype  - Best solution: (N_effort / ((Exp(Dev.Type)) + (AFP / ((Exp(Dev.Type)) / PDR_AFP)))) + (AFP / ((Exp(Dev.Type)) / PDR_AFP))
[30.11.2016 09:16:28,546] [main] INFO  org.jgap.gp.impl.GPGenotype  - Depth of chrom: 6
[30.11.2016 09:16:29,413] [main] INFO  org.jgap.gp.impl.GPGenotype  - Evolving generation 175, memory free: 128.8 MB
[30.11.2016 09:16:32,106] [main] INFO  org.jgap.gp.impl.GPGenotype  - Evolving generation 200, memory free: 113.5 MB
[30.11.2016 09:16:34,803] [main] INFO  org.jgap.gp.impl.GPGenotype  - Evolving generation 225, memory free: 126.2 MB
[30.11.2016 09:16:37,593] [main] INFO  org.jgap.gp.impl.GPGenotype  - Evolving generation 250, memory free: 112.1 MB
[30.11.2016 09:16:40,430] [main] INFO  org.jgap.gp.impl.GPGenotype  - Evolving generation 275, memory free: 123.3 MB
[30.11.2016 09:16:43,182] [main] INFO  org.jgap.gp.impl.GPGenotype  - Evolving generation 300, memory free: 108.6 MB
[30.11.2016 09:16:45,933] [main] INFO  org.jgap.gp.impl.GPGenotype  - Evolving generation 325, memory free: 123.5 MB
[30.11.2016 09:16:48,723] [main] INFO  org.jgap.gp.impl.GPGenotype  - Evolving generation 350, memory free: 107.5 MB
[30.11.2016 09:16:51,158] [main] INFO  org.jgap.gp.impl.GPGenotype  - Evolving generation 375, memory free: 120.2 MB
[30.11.2016 09:16:53,214] [main] INFO  org.jgap.gp.impl.GPGenotype  - Evolving generation 400, memory free: 104.8 MB
[30.11.2016 09:16:53,624] [main] INFO  org.jgap.gp.impl.GPGenotype  - Best solution fitness: 5776.0
[30.11.2016 09:16:53,624] [main] INFO  org.jgap.gp.impl.GPGenotype  - Best solution: (N_effort / (((AFP * PDR_AFP) / (AFP * (AFP * Output))) + (AFP * PDR_AFP))) + (AFP * PDR_AFP)
[30.11.2016 09:16:53,624] [main] INFO  org.jgap.gp.impl.GPGenotype  - Depth of chrom: 6
[30.11.2016 09:16:55,214] [main] INFO  org.jgap.gp.impl.GPGenotype  - Evolving generation 425, memory free: 116.3 MB
[30.11.2016 09:16:55,373] [main] INFO  org.jgap.gp.impl.GPGenotype  - Best solution fitness: 5772.0
[30.11.2016 09:16:55,373] [main] INFO  org.jgap.gp.impl.GPGenotype  - Best solution: (N_effort / ((N_effort / ((Exp(Dev.Type)) + (AFP * Output))) + (AFP * PDR_AFP))) + (AFP * PDR_AFP)
[30.11.2016 09:16:55,374] [main] INFO  org.jgap.gp.impl.GPGenotype  - Depth of chrom: 6
[30.11.2016 09:16:57,191] [main] INFO  org.jgap.gp.impl.GPGenotype  - Evolving generation 450, memory free: 99.4 MB
[30.11.2016 09:16:59,182] [main] INFO  org.jgap.gp.impl.GPGenotype  - Evolving generation 475, memory free: 108.1 MB
[30.11.2016 09:17:01,193] [main] INFO  org.jgap.gp.impl.GPGenotype  - Evolving generation 500, memory free: 92.6 MB
[30.11.2016 09:17:03,232] [main] INFO  org.jgap.gp.impl.GPGenotype  - Evolving generation 525, memory free: 102.9 MB
[30.11.2016 09:17:05,229] [main] INFO  org.jgap.gp.impl.GPGenotype  - Evolving generation 550, memory free: 86.4 MB
[30.11.2016 09:17:07,323] [main] INFO  org.jgap.gp.impl.GPGenotype  - Evolving generation 575, memory free: 98.2 MB
[30.11.2016 09:17:08,513] [main] INFO  org.jgap.gp.impl.GPGenotype  - Best solution fitness: 5771.0
[30.11.2016 09:17:08,513] [main] INFO  org.jgap.gp.impl.GPGenotype  - Best solution: (N_effort / ((N_effort / ((Exp(Dev.Type)) + (N_effort * Output))) + (AFP * PDR_AFP))) + (AFP * PDR_AFP)
[30.11.2016 09:17:08,513] [main] INFO  org.jgap.gp.impl.GPGenotype  - Depth of chrom: 6
[30.11.2016 09:17:09,462] [main] INFO  org.jgap.gp.impl.GPGenotype  - Evolving generation 600, memory free: 82.3 MB
[30.11.2016 09:17:11,580] [main] INFO  org.jgap.gp.impl.GPGenotype  - Evolving generation 625, memory free: 95.1 MB
[30.11.2016 09:17:13,651] [main] INFO  org.jgap.gp.impl.GPGenotype  - Evolving generation 650, memory free: 80.1 MB
[30.11.2016 09:17:15,737] [main] INFO  org.jgap.gp.impl.GPGenotype  - Evolving generation 675, memory free: 92.4 MB
[30.11.2016 09:17:17,819] [main] INFO  org.jgap.gp.impl.GPGenotype  - Evolving generation 700, memory free: 78.3 MB
[30.11.2016 09:17:19,940] [main] INFO  org.jgap.gp.impl.GPGenotype  - Evolving generation 725, memory free: 88.1 MB
[30.11.2016 09:17:22,041] [main] INFO  org.jgap.gp.impl.GPGenotype  - Evolving generation 750, memory free: 74.1 MB
[30.11.2016 09:17:24,102] [main] INFO  org.jgap.gp.impl.GPGenotype  - Evolving generation 775, memory free: 81.9 MB
[30.11.2016 09:17:26,090] [main] INFO  org.jgap.gp.impl.GPGenotype  - Evolving generation 800, memory free: 65.0 MB
[30.11.2016 09:17:28,195] [main] INFO  org.jgap.gp.impl.GPGenotype  - Evolving generation 825, memory free: 75.7 MB
[30.11.2016 09:17:30,287] [main] INFO  org.jgap.gp.impl.GPGenotype  - Evolving generation 850, memory free: 60.7 MB
[30.11.2016 09:17:32,305] [main] INFO  org.jgap.gp.impl.GPGenotype  - Evolving generation 875, memory free: 72.0 MB
[30.11.2016 09:17:34,342] [main] INFO  org.jgap.gp.impl.GPGenotype  - Evolving generation 900, memory free: 56.9 MB
[30.11.2016 09:17:36,356] [main] INFO  org.jgap.gp.impl.GPGenotype  - Evolving generation 925, memory free: 67.6 MB
[30.11.2016 09:17:38,438] [main] INFO  org.jgap.gp.impl.GPGenotype  - Evolving generation 950, memory free: 52.1 MB
[30.11.2016 09:17:40,440] [main] INFO  org.jgap.gp.impl.GPGenotype  - Evolving generation 975, memory free: 63.5 MB
[30.11.2016 09:17:42,402] [main] INFO  org.jgap.gp.impl.GPGenotype  - Best solution fitness: 5771.0
[30.11.2016 09:17:42,402] [main] INFO  org.jgap.gp.impl.GPGenotype  - Best solution: (N_effort / ((N_effort / ((Exp(Dev.Type)) + (N_effort * Output))) + (AFP * PDR_AFP))) + (AFP * PDR_AFP)
[30.11.2016 09:17:42,402] [main] INFO  org.jgap.gp.impl.GPGenotype  - Depth of chrom: 6
[30.11.2016 09:24:17,373] [main] INFO  org.jgap.gp.impl.GPGenotype  - Creating initial population
[30.11.2016 09:24:17,379] [main] INFO  org.jgap.gp.impl.GPGenotype  - Mem free: 182.5 MB
[30.11.2016 09:24:17,387] [main] INFO  org.jgap.gp.impl.GPPopulation  - Prototype program set
[30.11.2016 09:24:17,414] [main] INFO  org.jgap.gp.impl.GPGenotype  - Mem free after creating population: 182.5 MB
[30.11.2016 09:24:17,415] [main] INFO  org.jgap.gp.impl.GPGenotype  - Your configuration does not contain unused commands, this is good
[30.11.2016 09:24:17,416] [main] INFO  org.jgap.gp.impl.GPGenotype  - Evolving generation 0, memory free: 178.6 MB
[30.11.2016 09:24:17,600] [main] INFO  org.jgap.gp.impl.GPGenotype  - Best solution fitness: 179196.0
[30.11.2016 09:24:17,600] [main] INFO  org.jgap.gp.impl.GPGenotype  - Best solution: N_effort
[30.11.2016 09:24:17,600] [main] INFO  org.jgap.gp.impl.GPGenotype  - Depth of chrom: 0
[30.11.2016 09:24:17,712] [main] INFO  org.jgap.gp.impl.GPGenotype  - Best solution fitness: 179192.0
[30.11.2016 09:24:17,712] [main] INFO  org.jgap.gp.impl.GPGenotype  - Best solution: Exp((log (N_effort + Dev.Type)))
[30.11.2016 09:24:17,713] [main] INFO  org.jgap.gp.impl.GPGenotype  - Depth of chrom: 3
[30.11.2016 09:24:18,419] [main] INFO  org.jgap.gp.impl.GPGenotype  - Best solution fitness: 178662.0
[30.11.2016 09:24:18,419] [main] INFO  org.jgap.gp.impl.GPGenotype  - Best solution: N_effort - Deleted
[30.11.2016 09:24:18,420] [main] INFO  org.jgap.gp.impl.GPGenotype  - Depth of chrom: 1
[30.11.2016 09:24:18,735] [main] INFO  org.jgap.gp.impl.GPGenotype  - Best solution fitness: 178660.0
[30.11.2016 09:24:18,735] [main] INFO  org.jgap.gp.impl.GPGenotype  - Best solution: (Exp((log (N_effort + Dev.Type)))) - Deleted
[30.11.2016 09:24:18,735] [main] INFO  org.jgap.gp.impl.GPGenotype  - Depth of chrom: 4
[30.11.2016 09:24:19,050] [main] INFO  org.jgap.gp.impl.GPGenotype  - Best solution fitness: 178017.0
[30.11.2016 09:24:19,050] [main] INFO  org.jgap.gp.impl.GPGenotype  - Best solution: (log N_effort) + (N_effort - NPDU_UFP)
[30.11.2016 09:24:19,050] [main] INFO  org.jgap.gp.impl.GPGenotype  - Depth of chrom: 2
[30.11.2016 09:24:19,130] [main] INFO  org.jgap.gp.impl.GPGenotype  - Best solution fitness: 177209.0
[30.11.2016 09:24:19,130] [main] INFO  org.jgap.gp.impl.GPGenotype  - Best solution: Exp((log (N_effort - NPDU_UFP)))
[30.11.2016 09:24:19,130] [main] INFO  org.jgap.gp.impl.GPGenotype  - Depth of chrom: 3
[30.11.2016 09:24:19,130] [main] INFO  org.jgap.gp.impl.GPGenotype  - Evolving generation 25, memory free: 154.1 MB
[30.11.2016 09:24:19,694] [main] INFO  org.jgap.gp.impl.GPGenotype  - Best solution fitness: 176688.0
[30.11.2016 09:24:19,694] [main] INFO  org.jgap.gp.impl.GPGenotype  - Best solution: Exp((log ((N_effort - NPDU_UFP) - Deleted)))
[30.11.2016 09:24:19,694] [main] INFO  org.jgap.gp.impl.GPGenotype  - Depth of chrom: 4
[30.11.2016 09:24:20,088] [main] INFO  org.jgap.gp.impl.GPGenotype  - Best solution fitness: 175239.0
[30.11.2016 09:24:20,088] [main] INFO  org.jgap.gp.impl.GPGenotype  - Best solution: (N_effort - NPDU_UFP) - NPDU_UFP
[30.11.2016 09:24:20,089] [main] INFO  org.jgap.gp.impl.GPGenotype  - Depth of chrom: 2
[30.11.2016 09:24:20,246] [main] INFO  org.jgap.gp.impl.GPGenotype  - Best solution fitness: 173255.0
[30.11.2016 09:24:20,247] [main] INFO  org.jgap.gp.impl.GPGenotype  - Best solution: ((N_effort - NPDU_UFP) - NPDU_UFP) - NPDU_UFP
[30.11.2016 09:24:20,247] [main] INFO  org.jgap.gp.impl.GPGenotype  - Depth of chrom: 3
[30.11.2016 09:24:20,535] [main] INFO  org.jgap.gp.impl.GPGenotype  - Best solution fitness: 171299.0
[30.11.2016 09:24:20,536] [main] INFO  org.jgap.gp.impl.GPGenotype  - Best solution: (((N_effort - NPDU_UFP) - NPDU_UFP) - NPDU_UFP) - NPDU_UFP
[30.11.2016 09:24:20,536] [main] INFO  org.jgap.gp.impl.GPGenotype  - Depth of chrom: 4
[30.11.2016 09:24:20,605] [main] INFO  org.jgap.gp.impl.GPGenotype  - Best solution fitness: 168899.0
[30.11.2016 09:24:20,605] [main] INFO  org.jgap.gp.impl.GPGenotype  - Best solution: ((Exp((log ((((N_effort - NPDU_UFP) - NPDU_UFP) - NPDU_UFP) - Deleted)))) - NPDU_UFP) - NPDU_UFP
[30.11.2016 09:24:20,606] [main] INFO  org.jgap.gp.impl.GPGenotype  - Depth of chrom: 8
[30.11.2016 09:24:20,672] [main] INFO  org.jgap.gp.impl.GPGenotype  - Best solution fitness: 166977.0
[30.11.2016 09:24:20,673] [main] INFO  org.jgap.gp.impl.GPGenotype  - Best solution: ((((((N_effort - NPDU_UFP) - NPDU_UFP) - NPDU_UFP) - Deleted) - NPDU_UFP) - NPDU_UFP) - NPDU_UFP
[30.11.2016 09:24:20,673] [main] INFO  org.jgap.gp.impl.GPGenotype  - Depth of chrom: 7
[30.11.2016 09:24:20,737] [main] INFO  org.jgap.gp.impl.GPGenotype  - Best solution fitness: 165996.0
[30.11.2016 09:24:20,737] [main] INFO  org.jgap.gp.impl.GPGenotype  - Best solution: (((((((N_effort - NPDU_UFP) - NPDU_UFP) - NPDU_UFP) - Deleted) - NPDU_UFP) - PDR_AFP) - NPDU_UFP) - NPDU_UFP
[30.11.2016 09:24:20,737] [main] INFO  org.jgap.gp.impl.GPGenotype  - Depth of chrom: 8
[30.11.2016 09:24:20,806] [main] INFO  org.jgap.gp.impl.GPGenotype  - Best solution fitness: 163251.0
[30.11.2016 09:24:20,807] [main] INFO  org.jgap.gp.impl.GPGenotype  - Best solution: ((((((((N_effort - NPDU_UFP) - NPDU_UFP) - NPDU_UFP) - NPDU_UFP) - NPDU_UFP) - Deleted) - NPDU_UFP) - NPDU_UFP) - NPDU_UFP
[30.11.2016 09:24:20,807] [main] INFO  org.jgap.gp.impl.GPGenotype  - Depth of chrom: 9
[30.11.2016 09:24:20,954] [main] INFO  org.jgap.gp.impl.GPGenotype  - Best solution fitness: 5865.0
[30.11.2016 09:24:20,954] [main] INFO  org.jgap.gp.impl.GPGenotype  - Best solution: PDR_AFP * AFP
[30.11.2016 09:24:20,955] [main] INFO  org.jgap.gp.impl.GPGenotype  - Depth of chrom: 1
[30.11.2016 09:24:21,030] [main] INFO  org.jgap.gp.impl.GPGenotype  - Evolving generation 50, memory free: 133.7 MB
[30.11.2016 09:24:22,642] [main] INFO  org.jgap.gp.impl.GPGenotype  - Evolving generation 75, memory free: 151.5 MB
[30.11.2016 09:24:23,872] [main] INFO  org.jgap.gp.impl.GPGenotype  - Best solution fitness: 5835.0
[30.11.2016 09:24:23,872] [main] INFO  org.jgap.gp.impl.GPGenotype  - Best solution: Resource + (PDR_AFP * AFP)
[30.11.2016 09:24:23,872] [main] INFO  org.jgap.gp.impl.GPGenotype  - Depth of chrom: 2
[30.11.2016 09:24:23,927] [main] INFO  org.jgap.gp.impl.GPGenotype  - Evolving generation 100, memory free: 149.3 MB
[30.11.2016 09:24:24,411] [main] INFO  org.jgap.gp.impl.GPGenotype  - Best solution fitness: 5829.0
[30.11.2016 09:24:24,412] [main] INFO  org.jgap.gp.impl.GPGenotype  - Best solution: Exp((log (Resource + (PDR_AFP * AFP))))
[30.11.2016 09:24:24,412] [main] INFO  org.jgap.gp.impl.GPGenotype  - Depth of chrom: 4
[30.11.2016 09:24:25,091] [main] INFO  org.jgap.gp.impl.GPGenotype  - Best solution fitness: 2355.0
[30.11.2016 09:24:25,091] [main] INFO  org.jgap.gp.impl.GPGenotype  - Best solution: PDR_AFP * (N_effort / NPDR_AFP)
[30.11.2016 09:24:25,091] [main] INFO  org.jgap.gp.impl.GPGenotype  - Depth of chrom: 2
[30.11.2016 09:24:25,316] [main] INFO  org.jgap.gp.impl.GPGenotype  - Evolving generation 125, memory free: 127.3 MB
[30.11.2016 09:24:26,729] [main] INFO  org.jgap.gp.impl.GPGenotype  - Evolving generation 150, memory free: 128.1 MB
[30.11.2016 09:24:27,313] [main] INFO  org.jgap.gp.impl.GPGenotype  - Best solution fitness: 2349.0
[30.11.2016 09:24:27,313] [main] INFO  org.jgap.gp.impl.GPGenotype  - Best solution: (PDR_AFP * (N_effort / NPDR_AFP)) + ((N_effort / N_effort) / (PDR_AFP * (Resource + (PDR_AFP * AFP))))
[30.11.2016 09:24:27,313] [main] INFO  org.jgap.gp.impl.GPGenotype  - Depth of chrom: 5
[30.11.2016 09:24:27,611] [main] INFO  org.jgap.gp.impl.GPGenotype  - Best solution fitness: 2340.0
[30.11.2016 09:24:27,611] [main] INFO  org.jgap.gp.impl.GPGenotype  - Best solution: (PDR_AFP * (N_effort / NPDR_AFP)) + ((N_effort / N_effort) / NPDR_AFP)
[30.11.2016 09:24:27,611] [main] INFO  org.jgap.gp.impl.GPGenotype  - Depth of chrom: 3
[30.11.2016 09:24:27,673] [main] INFO  org.jgap.gp.impl.GPGenotype  - Best solution fitness: 2338.0
[30.11.2016 09:24:27,673] [main] INFO  org.jgap.gp.impl.GPGenotype  - Best solution: (PDR_AFP * (N_effort / NPDR_AFP)) + ((Resource + (PDR_AFP * AFP)) / (PDR_AFP * (Resource + (PDR_AFP * AFP))))
[30.11.2016 09:24:27,673] [main] INFO  org.jgap.gp.impl.GPGenotype  - Depth of chrom: 5
[30.11.2016 09:24:27,735] [main] INFO  org.jgap.gp.impl.GPGenotype  - Best solution fitness: 2335.0
[30.11.2016 09:24:27,735] [main] INFO  org.jgap.gp.impl.GPGenotype  - Best solution: (PDR_AFP * (N_effort / NPDR_AFP)) + ((PDR_AFP * AFP) / (PDR_AFP * (Resource + (PDR_AFP * AFP))))
[30.11.2016 09:24:27,735] [main] INFO  org.jgap.gp.impl.GPGenotype  - Depth of chrom: 5
[30.11.2016 09:24:28,205] [main] INFO  org.jgap.gp.impl.GPGenotype  - Evolving generation 175, memory free: 135.8 MB
[30.11.2016 09:24:28,323] [main] INFO  org.jgap.gp.impl.GPGenotype  - Best solution fitness: 2332.0
[30.11.2016 09:24:28,323] [main] INFO  org.jgap.gp.impl.GPGenotype  - Best solution: (PDR_AFP * (N_effort / NPDR_AFP)) + ((N_effort / AFP) / (N_effort / NPDR_AFP))
[30.11.2016 09:24:28,323] [main] INFO  org.jgap.gp.impl.GPGenotype  - Depth of chrom: 3
[30.11.2016 09:24:28,511] [main] INFO  org.jgap.gp.impl.GPGenotype  - Best solution fitness: 2318.0
[30.11.2016 09:24:28,511] [main] INFO  org.jgap.gp.impl.GPGenotype  - Best solution: (PDR_AFP * (N_effort / NPDR_AFP)) + ((N_effort / NPDR_AFP) / (NPDR_AFP + (N_effort / NPDR_AFP)))
[30.11.2016 09:24:28,511] [main] INFO  org.jgap.gp.impl.GPGenotype  - Depth of chrom: 4
[30.11.2016 09:24:28,581] [main] INFO  org.jgap.gp.impl.GPGenotype  - Best solution fitness: 2309.0
[30.11.2016 09:24:28,581] [main] INFO  org.jgap.gp.impl.GPGenotype  - Best solution: (PDR_AFP * (N_effort / NPDR_AFP)) + ((PDR_AFP * AFP) / ((PDR_AFP * (N_effort / NPDR_AFP)) + (N_effort / NPDR_AFP)))
[30.11.2016 09:24:28,581] [main] INFO  org.jgap.gp.impl.GPGenotype  - Depth of chrom: 5
[30.11.2016 09:24:29,056] [main] INFO  org.jgap.gp.impl.GPGenotype  - Best solution fitness: 2304.0
[30.11.2016 09:24:29,056] [main] INFO  org.jgap.gp.impl.GPGenotype  - Best solution: (PDR_AFP * (N_effort / NPDR_AFP)) + (PDR_AFP / (NPDR_AFP + (N_effort / (PDR_AFP * AFP))))
[30.11.2016 09:24:29,057] [main] INFO  org.jgap.gp.impl.GPGenotype  - Depth of chrom: 5
[30.11.2016 09:24:29,934] [main] INFO  org.jgap.gp.impl.GPGenotype  - Evolving generation 200, memory free: 125.1 MB
[30.11.2016 09:24:31,406] [main] INFO  org.jgap.gp.impl.GPGenotype  - Best solution fitness: 2302.0
[30.11.2016 09:24:31,406] [main] INFO  org.jgap.gp.impl.GPGenotype  - Best solution: (PDR_AFP * (N_effort / NPDR_AFP)) + (N_effort / (N_effort + (((N_effort / NPDR_AFP) + (N_effort / NPDR_AFP)) + PDR_AFP)))
[30.11.2016 09:24:31,407] [main] INFO  org.jgap.gp.impl.GPGenotype  - Depth of chrom: 6
[30.11.2016 09:24:31,771] [main] INFO  org.jgap.gp.impl.GPGenotype  - Evolving generation 225, memory free: 141.4 MB
[30.11.2016 09:24:32,340] [main] INFO  org.jgap.gp.impl.GPGenotype  - Best solution fitness: 2301.0
[30.11.2016 09:24:32,340] [main] INFO  org.jgap.gp.impl.GPGenotype  - Best solution: (PDR_AFP * (N_effort / NPDR_AFP)) + (N_effort / (N_effort + ((N_effort / NPDR_AFP) + (N_effort / NPDR_AFP))))
[30.11.2016 09:24:32,340] [main] INFO  org.jgap.gp.impl.GPGenotype  - Depth of chrom: 5
[30.11.2016 09:24:33,535] [main] INFO  org.jgap.gp.impl.GPGenotype  - Evolving generation 250, memory free: 130.8 MB
[30.11.2016 09:24:33,894] [main] INFO  org.jgap.gp.impl.GPGenotype  - Best solution fitness: 2300.0
[30.11.2016 09:24:33,894] [main] INFO  org.jgap.gp.impl.GPGenotype  - Best solution: (PDR_AFP * (N_effort / NPDR_AFP)) + (PDR_AFP / (NPDR_AFP + ((sqrt (Exp(Deleted))) / N_effort)))
[30.11.2016 09:24:33,894] [main] INFO  org.jgap.gp.impl.GPGenotype  - Depth of chrom: 6
[30.11.2016 09:24:35,370] [main] INFO  org.jgap.gp.impl.GPGenotype  - Evolving generation 275, memory free: 119.9 MB
[30.11.2016 09:24:37,206] [main] INFO  org.jgap.gp.impl.GPGenotype  - Evolving generation 300, memory free: 137.0 MB
[30.11.2016 09:24:39,053] [main] INFO  org.jgap.gp.impl.GPGenotype  - Evolving generation 325, memory free: 127.0 MB
[30.11.2016 09:24:40,870] [main] INFO  org.jgap.gp.impl.GPGenotype  - Evolving generation 350, memory free: 117.7 MB
[30.11.2016 09:24:42,725] [main] INFO  org.jgap.gp.impl.GPGenotype  - Evolving generation 375, memory free: 134.8 MB
[30.11.2016 09:24:42,800] [main] INFO  org.jgap.gp.impl.GPGenotype  - Best solution fitness: 2299.0
[30.11.2016 09:24:42,800] [main] INFO  org.jgap.gp.impl.GPGenotype  - Best solution: (PDR_AFP * (N_effort / NPDR_AFP)) + (PDR_AFP / (PDR_AFP + (((Exp(Deleted)) / N_effort) / N_effort)))
[30.11.2016 09:24:42,800] [main] INFO  org.jgap.gp.impl.GPGenotype  - Depth of chrom: 6
[30.11.2016 09:24:44,607] [main] INFO  org.jgap.gp.impl.GPGenotype  - Evolving generation 400, memory free: 124.9 MB
[30.11.2016 09:24:46,432] [main] INFO  org.jgap.gp.impl.GPGenotype  - Evolving generation 425, memory free: 115.2 MB
[30.11.2016 09:24:48,261] [main] INFO  org.jgap.gp.impl.GPGenotype  - Evolving generation 450, memory free: 132.9 MB
[30.11.2016 09:24:50,129] [main] INFO  org.jgap.gp.impl.GPGenotype  - Evolving generation 475, memory free: 136.7 MB
[30.11.2016 09:24:51,968] [main] INFO  org.jgap.gp.impl.GPGenotype  - Evolving generation 500, memory free: 137.9 MB
[30.11.2016 09:24:53,811] [main] INFO  org.jgap.gp.impl.GPGenotype  - Evolving generation 525, memory free: 113.3 MB
[30.11.2016 09:24:55,673] [main] INFO  org.jgap.gp.impl.GPGenotype  - Evolving generation 550, memory free: 130.5 MB
[30.11.2016 09:24:57,519] [main] INFO  org.jgap.gp.impl.GPGenotype  - Evolving generation 575, memory free: 121.7 MB
[30.11.2016 09:24:58,567] [main] INFO  org.jgap.gp.impl.GPGenotype  - Best solution fitness: 2298.0
[30.11.2016 09:24:58,567] [main] INFO  org.jgap.gp.impl.GPGenotype  - Best solution: (PDR_AFP * (N_effort / NPDR_AFP)) + (NPDR_AFP / (PDR_AFP + (((Exp(Deleted)) / N_effort) / N_effort)))
[30.11.2016 09:24:58,567] [main] INFO  org.jgap.gp.impl.GPGenotype  - Depth of chrom: 6
[30.11.2016 09:24:59,359] [main] INFO  org.jgap.gp.impl.GPGenotype  - Evolving generation 600, memory free: 113.1 MB
[30.11.2016 09:25:01,205] [main] INFO  org.jgap.gp.impl.GPGenotype  - Evolving generation 625, memory free: 130.2 MB
[30.11.2016 09:25:03,054] [main] INFO  org.jgap.gp.impl.GPGenotype  - Evolving generation 650, memory free: 120.6 MB
[30.11.2016 09:25:04,871] [main] INFO  org.jgap.gp.impl.GPGenotype  - Evolving generation 675, memory free: 110.2 MB
[30.11.2016 09:25:06,673] [main] INFO  org.jgap.gp.impl.GPGenotype  - Evolving generation 700, memory free: 127.2 MB
[30.11.2016 09:25:08,487] [main] INFO  org.jgap.gp.impl.GPGenotype  - Evolving generation 725, memory free: 116.8 MB
[30.11.2016 09:25:09,278] [main] INFO  org.jgap.gp.impl.GPGenotype  - Best solution fitness: 2297.0
[30.11.2016 09:25:09,278] [main] INFO  org.jgap.gp.impl.GPGenotype  - Best solution: (PDR_AFP * (N_effort / NPDR_AFP)) + (NPDR_AFP / (PDR_AFP + (sqrt (PDR_AFP + PDR_AFP))))
[30.11.2016 09:25:09,278] [main] INFO  org.jgap.gp.impl.GPGenotype  - Depth of chrom: 5
[30.11.2016 09:25:10,272] [main] INFO  org.jgap.gp.impl.GPGenotype  - Evolving generation 750, memory free: 106.5 MB
[30.11.2016 09:25:12,072] [main] INFO  org.jgap.gp.impl.GPGenotype  - Evolving generation 775, memory free: 123.1 MB
[30.11.2016 09:25:13,898] [main] INFO  org.jgap.gp.impl.GPGenotype  - Evolving generation 800, memory free: 112.7 MB
[30.11.2016 09:25:15,756] [main] INFO  org.jgap.gp.impl.GPGenotype  - Evolving generation 825, memory free: 102.6 MB
[30.11.2016 09:25:17,601] [main] INFO  org.jgap.gp.impl.GPGenotype  - Evolving generation 850, memory free: 120.7 MB
[30.11.2016 09:25:17,899] [main] INFO  org.jgap.gp.impl.GPGenotype  - Best solution fitness: 2295.0
[30.11.2016 09:25:17,900] [main] INFO  org.jgap.gp.impl.GPGenotype  - Best solution: (PDR_AFP * (N_effort / NPDR_AFP)) + (NPDR_AFP / (PDR_AFP + (sqrt ((PDR_AFP + (PDR_AFP / NPDR_AFP)) + PDR_AFP))))
[30.11.2016 09:25:17,900] [main] INFO  org.jgap.gp.impl.GPGenotype  - Depth of chrom: 7
[30.11.2016 09:25:19,360] [main] INFO  org.jgap.gp.impl.GPGenotype  - Best solution fitness: 2294.0
[30.11.2016 09:25:19,361] [main] INFO  org.jgap.gp.impl.GPGenotype  - Best solution: (PDR_AFP * (N_effort / NPDR_AFP)) + (NPDR_AFP / (PDR_AFP + (sqrt ((PDR_AFP + (PDR_AFP / PDR_AFP)) + PDR_AFP))))
[30.11.2016 09:25:19,361] [main] INFO  org.jgap.gp.impl.GPGenotype  - Depth of chrom: 7
[30.11.2016 09:25:19,434] [main] INFO  org.jgap.gp.impl.GPGenotype  - Evolving generation 875, memory free: 110.2 MB
[30.11.2016 09:25:21,287] [main] INFO  org.jgap.gp.impl.GPGenotype  - Evolving generation 900, memory free: 126.7 MB
[30.11.2016 09:25:23,086] [main] INFO  org.jgap.gp.impl.GPGenotype  - Evolving generation 925, memory free: 116.0 MB
[30.11.2016 09:25:24,913] [main] INFO  org.jgap.gp.impl.GPGenotype  - Evolving generation 950, memory free: 105.6 MB
[30.11.2016 09:25:26,713] [main] INFO  org.jgap.gp.impl.GPGenotype  - Evolving generation 975, memory free: 122.7 MB
[30.11.2016 09:25:28,495] [main] INFO  org.jgap.gp.impl.GPGenotype  - Best solution fitness: 2294.0
[30.11.2016 09:25:28,496] [main] INFO  org.jgap.gp.impl.GPGenotype  - Best solution: (PDR_AFP * (N_effort / NPDR_AFP)) + (NPDR_AFP / (PDR_AFP + (sqrt ((PDR_AFP + (PDR_AFP / PDR_AFP)) + PDR_AFP))))
[30.11.2016 09:25:28,496] [main] INFO  org.jgap.gp.impl.GPGenotype  - Depth of chrom: 7
